<?xml version="1.0" encoding="UTF-8"?>
<!-- Generated by org.testng.reporters.JUnitXMLReporter -->
<testsuite ignored="0" hostname="Sam" failures="0" tests="2" name="Error Validations Test" time="12.679" errors="0" timestamp="2024-07-12T18:58:20 EDT">
  <testcase classname="samLearning.SeleniumFrameworkDesign.Tests.ErrorValidationsTest" name="errorValidation" time="0.456"/>
  <testcase classname="samLearning.SeleniumFrameworkDesign.Tests.ErrorValidationsTest" name="productErrorValidation" time="3.184"/>
</testsuite> <!-- Error Validations Test -->
