<?xml version="1.0" encoding="UTF-8"?>
<!-- Generated by org.testng.reporters.JUnitXMLReporter -->
<testsuite ignored="0" hostname="Sam" failures="0" tests="3" name="Submit Order Test" time="21.964" errors="0" timestamp="2024-07-12T18:58:30 EDT">
  <testcase classname="samLearning.SeleniumFrameworkDesign.Tests.SubmitOrderTest" name="submitOrder" time="4.088"/>
  <testcase classname="samLearning.SeleniumFrameworkDesign.Tests.SubmitOrderTest" name="submitOrder" time="4.064"/>
  <testcase classname="samLearning.SeleniumFrameworkDesign.Tests.SubmitOrderTest" name="orderHistoryTest" time="0.819"/>
</testsuite> <!-- Submit Order Test -->
