<?xml version="1.0" encoding="UTF-8"?>
<!-- Generated by org.testng.reporters.JUnitXMLReporter -->
<testsuite ignored="0" hostname="Sam" failures="0" tests="3" name="Test" time="23.235" errors="0" timestamp="2024-07-11T21:31:56 EDT">
  <testcase classname="samLearning.SeleniumFrameworkDesign.Tests.SubmitOrderTest" name="submitOrder" time="4.031"/>
  <testcase classname="samLearning.SeleniumFrameworkDesign.Tests.ErrorValidations" name="errorValidation" time="0.439"/>
  <testcase classname="samLearning.SeleniumFrameworkDesign.Tests.ErrorValidations" name="productErrorValidation" time="3.217"/>
</testsuite> <!-- Test -->
