<?xml version="1.0" encoding="UTF-8"?>
<!-- Generated by org.testng.reporters.JUnitXMLReporter -->
<testsuite ignored="0" hostname="Sam" failures="0" tests="2" name="Error Validations Test" time="14.821" errors="0" timestamp="2024-07-14T01:46:35 EDT">
  <testcase classname="samLearning.SeleniumFrameworkDesign.Tests.ErrorValidationsTest" name="errorValidation" time="0.431"/>
  <testcase classname="samLearning.SeleniumFrameworkDesign.Tests.ErrorValidationsTest" name="productErrorValidation" time="3.091"/>
</testsuite> <!-- Error Validations Test -->
