<?xml version="1.0" encoding="UTF-8"?>
<!-- Generated by org.testng.reporters.JUnitXMLReporter -->
<testsuite ignored="0" hostname="Sam" failures="0" tests="3" name="Submit Order Test" time="24.471" errors="0" timestamp="2024-07-14T01:46:45 EDT">
  <testcase classname="samLearning.SeleniumFrameworkDesign.Tests.SubmitOrderTest" name="submitOrder" time="3.979"/>
  <testcase classname="samLearning.SeleniumFrameworkDesign.Tests.SubmitOrderTest" name="submitOrder" time="4.054"/>
  <testcase classname="samLearning.SeleniumFrameworkDesign.Tests.SubmitOrderTest" name="orderHistoryTest" time="0.876"/>
</testsuite> <!-- Submit Order Test -->
