<?xml version="1.0" encoding="UTF-8"?>
<testng-results ignored="0" total="5" passed="5" failed="0" skipped="0">
  <reporter-output>
  </reporter-output>
  <suite started-at="2024-07-14T01:46:20 EDT" name="Suite" finished-at="2024-07-14T01:46:45 EDT" duration-ms="24471">
    <groups>
      <group name="ErrorHandling">
        <method signature="ErrorValidationsTest.errorValidation()[pri:0, instance:samLearning.SeleniumFrameworkDesign.Tests.ErrorValidationsTest@387a8303]" name="errorValidation" class="samLearning.SeleniumFrameworkDesign.Tests.ErrorValidationsTest"/>
      </group> <!-- ErrorHandling -->
      <group name="Purchase">
        <method signature="SubmitOrderTest.submitOrder(java.util.HashMap)[pri:0, instance:samLearning.SeleniumFrameworkDesign.Tests.SubmitOrderTest@1033576a]" name="submitOrder" class="samLearning.SeleniumFrameworkDesign.Tests.SubmitOrderTest"/>
      </group> <!-- Purchase -->
    </groups>
    <test started-at="2024-07-14T01:46:20 EDT" name="Error Validations Test" finished-at="2024-07-14T01:46:35 EDT" duration-ms="14821">
      <class name="samLearning.SeleniumFrameworkDesign.Tests.ErrorValidationsTest">
        <test-method is-config="true" signature="launchApplication()[pri:0, instance:samLearning.SeleniumFrameworkDesign.Tests.ErrorValidationsTest@387a8303]" started-at="2024-07-14T01:46:20 EDT" name="launchApplication" finished-at="2024-07-14T01:46:27 EDT" duration-ms="7004" status="PASS">
          <reporter-output>
          </reporter-output>
        </test-method> <!-- launchApplication -->
        <test-method signature="errorValidation()[pri:0, instance:samLearning.SeleniumFrameworkDesign.Tests.ErrorValidationsTest@387a8303]" started-at="2024-07-14T01:46:27 EDT" name="errorValidation" finished-at="2024-07-14T01:46:28 EDT" duration-ms="431" status="PASS">
          <reporter-output>
          </reporter-output>
        </test-method> <!-- errorValidation -->
        <test-method is-config="true" signature="closeWindow()[pri:0, instance:samLearning.SeleniumFrameworkDesign.Tests.ErrorValidationsTest@387a8303]" started-at="2024-07-14T01:46:28 EDT" name="closeWindow" finished-at="2024-07-14T01:46:28 EDT" duration-ms="36" status="PASS">
          <reporter-output>
          </reporter-output>
        </test-method> <!-- closeWindow -->
        <test-method is-config="true" signature="launchApplication()[pri:0, instance:samLearning.SeleniumFrameworkDesign.Tests.ErrorValidationsTest@387a8303]" started-at="2024-07-14T01:46:28 EDT" name="launchApplication" finished-at="2024-07-14T01:46:32 EDT" duration-ms="3951" status="PASS">
          <reporter-output>
          </reporter-output>
        </test-method> <!-- launchApplication -->
        <test-method signature="productErrorValidation()[pri:0, instance:samLearning.SeleniumFrameworkDesign.Tests.ErrorValidationsTest@387a8303]" started-at="2024-07-14T01:46:32 EDT" name="productErrorValidation" finished-at="2024-07-14T01:46:35 EDT" duration-ms="3091" status="PASS">
          <reporter-output>
          </reporter-output>
        </test-method> <!-- productErrorValidation -->
        <test-method is-config="true" signature="closeWindow()[pri:0, instance:samLearning.SeleniumFrameworkDesign.Tests.ErrorValidationsTest@387a8303]" started-at="2024-07-14T01:46:35 EDT" name="closeWindow" finished-at="2024-07-14T01:46:35 EDT" duration-ms="37" status="PASS">
          <reporter-output>
          </reporter-output>
        </test-method> <!-- closeWindow -->
      </class> <!-- samLearning.SeleniumFrameworkDesign.Tests.ErrorValidationsTest -->
    </test> <!-- Error Validations Test -->
    <test started-at="2024-07-14T01:46:20 EDT" name="Submit Order Test" finished-at="2024-07-14T01:46:45 EDT" duration-ms="24471">
      <class name="samLearning.SeleniumFrameworkDesign.Tests.SubmitOrderTest">
        <test-method is-config="true" signature="launchApplication()[pri:0, instance:samLearning.SeleniumFrameworkDesign.Tests.SubmitOrderTest@1033576a]" started-at="2024-07-14T01:46:20 EDT" name="launchApplication" finished-at="2024-07-14T01:46:27 EDT" duration-ms="6890" status="PASS">
          <reporter-output>
          </reporter-output>
        </test-method> <!-- launchApplication -->
        <test-method signature="submitOrder(java.util.HashMap)[pri:0, instance:samLearning.SeleniumFrameworkDesign.Tests.SubmitOrderTest@1033576a]" started-at="2024-07-14T01:46:27 EDT" name="submitOrder" data-provider="getData" finished-at="2024-07-14T01:46:31 EDT" duration-ms="3979" status="PASS">
          <params>
            <param index="0">
              <value>
                <![CDATA[{password=Binkong1, email=binkong@gmail.com, productName=ZARA COAT 3}]]>
              </value>
            </param>
          </params>
          <reporter-output>
          </reporter-output>
        </test-method> <!-- submitOrder -->
        <test-method is-config="true" signature="closeWindow()[pri:0, instance:samLearning.SeleniumFrameworkDesign.Tests.SubmitOrderTest@1033576a]" started-at="2024-07-14T01:46:31 EDT" name="closeWindow" finished-at="2024-07-14T01:46:31 EDT" duration-ms="41" status="PASS">
          <reporter-output>
          </reporter-output>
        </test-method> <!-- closeWindow -->
        <test-method is-config="true" signature="launchApplication()[pri:0, instance:samLearning.SeleniumFrameworkDesign.Tests.SubmitOrderTest@1033576a]" started-at="2024-07-14T01:46:31 EDT" name="launchApplication" finished-at="2024-07-14T01:46:35 EDT" duration-ms="3924" status="PASS">
          <reporter-output>
          </reporter-output>
        </test-method> <!-- launchApplication -->
        <test-method signature="submitOrder(java.util.HashMap)[pri:0, instance:samLearning.SeleniumFrameworkDesign.Tests.SubmitOrderTest@1033576a]" started-at="2024-07-14T01:46:35 EDT" name="submitOrder" data-provider="getData" finished-at="2024-07-14T01:46:39 EDT" duration-ms="4054" status="PASS">
          <params>
            <param index="0">
              <value>
                <![CDATA[{password=Kongbin1, email=kongbin@gmail.com, productName=ADIDAS ORIGINAL}]]>
              </value>
            </param>
          </params>
          <reporter-output>
          </reporter-output>
        </test-method> <!-- submitOrder -->
        <test-method is-config="true" signature="closeWindow()[pri:0, instance:samLearning.SeleniumFrameworkDesign.Tests.SubmitOrderTest@1033576a]" started-at="2024-07-14T01:46:39 EDT" name="closeWindow" finished-at="2024-07-14T01:46:39 EDT" duration-ms="57" status="PASS">
          <reporter-output>
          </reporter-output>
        </test-method> <!-- closeWindow -->
        <test-method is-config="true" signature="launchApplication()[pri:0, instance:samLearning.SeleniumFrameworkDesign.Tests.SubmitOrderTest@1033576a]" started-at="2024-07-14T01:46:39 EDT" name="launchApplication" finished-at="2024-07-14T01:46:44 EDT" duration-ms="4258" status="PASS">
          <reporter-output>
          </reporter-output>
        </test-method> <!-- launchApplication -->
        <test-method signature="orderHistoryTest()[pri:0, instance:samLearning.SeleniumFrameworkDesign.Tests.SubmitOrderTest@1033576a]" started-at="2024-07-14T01:46:44 EDT" name="orderHistoryTest" finished-at="2024-07-14T01:46:45 EDT" depends-on-methods="samLearning.SeleniumFrameworkDesign.Tests.SubmitOrderTest.submitOrder" duration-ms="876" status="PASS">
          <reporter-output>
          </reporter-output>
        </test-method> <!-- orderHistoryTest -->
        <test-method is-config="true" signature="closeWindow()[pri:0, instance:samLearning.SeleniumFrameworkDesign.Tests.SubmitOrderTest@1033576a]" started-at="2024-07-14T01:46:45 EDT" name="closeWindow" finished-at="2024-07-14T01:46:45 EDT" duration-ms="52" status="PASS">
          <reporter-output>
          </reporter-output>
        </test-method> <!-- closeWindow -->
      </class> <!-- samLearning.SeleniumFrameworkDesign.Tests.SubmitOrderTest -->
    </test> <!-- Submit Order Test -->
  </suite> <!-- Suite -->
</testng-results>
