<?xml version="1.0" encoding="UTF-8"?>
<testng-results ignored="0" total="0" passed="0" failed="0" skipped="0">
  <reporter-output>
  </reporter-output>
  <suite started-at="2024-07-18T03:31:35 EDT" name="Suite" finished-at="2024-07-18T03:31:35 EDT" duration-ms="0">
    <groups>
      <group name="ErrorHandling">
        <method signature="ErrorValidationsTest.errorValidation()[pri:0, instance:samLearning.SeleniumFrameworkDesign.Tests.ErrorValidationsTest@28ec166e]" name="errorValidation" class="samLearning.SeleniumFrameworkDesign.Tests.ErrorValidationsTest"/>
      </group> <!-- ErrorHandling -->
      <group name="Purchase">
        <method signature="SubmitOrderTest.submitOrder(java.util.HashMap)[pri:0, instance:samLearning.SeleniumFrameworkDesign.Tests.SubmitOrderTest@5443d039]" name="submitOrder" class="samLearning.SeleniumFrameworkDesign.Tests.SubmitOrderTest"/>
      </group> <!-- Purchase -->
    </groups>
  </suite> <!-- Suite -->
</testng-results>
