<?xml version="1.0" encoding="UTF-8"?>
<testng-results ignored="0" total="5" passed="5" failed="0" skipped="0">
  <reporter-output>
  </reporter-output>
  <suite started-at="2024-07-12T18:58:08 EDT" name="Suite" finished-at="2024-07-12T18:58:30 EDT" duration-ms="21964">
    <groups>
      <group name="ErrorHandling">
        <method signature="ErrorValidationsTest.errorValidation()[pri:0, instance:samLearning.SeleniumFrameworkDesign.Tests.ErrorValidationsTest@28ec166e]" name="errorValidation" class="samLearning.SeleniumFrameworkDesign.Tests.ErrorValidationsTest"/>
      </group> <!-- ErrorHandling -->
      <group name="Purchase">
        <method signature="SubmitOrderTest.submitOrder(java.util.HashMap)[pri:0, instance:samLearning.SeleniumFrameworkDesign.Tests.SubmitOrderTest@5443d039]" name="submitOrder" class="samLearning.SeleniumFrameworkDesign.Tests.SubmitOrderTest"/>
      </group> <!-- Purchase -->
    </groups>
    <test started-at="2024-07-12T18:58:08 EDT" name="Error Validations Test" finished-at="2024-07-12T18:58:20 EDT" duration-ms="12679">
      <class name="samLearning.SeleniumFrameworkDesign.Tests.ErrorValidationsTest">
        <test-method is-config="true" signature="launchApplication()[pri:0, instance:samLearning.SeleniumFrameworkDesign.Tests.ErrorValidationsTest@28ec166e]" started-at="2024-07-12T18:58:08 EDT" name="launchApplication" finished-at="2024-07-12T18:58:12 EDT" duration-ms="4390" status="PASS">
          <reporter-output>
          </reporter-output>
        </test-method> <!-- launchApplication -->
        <test-method signature="errorValidation()[pri:0, instance:samLearning.SeleniumFrameworkDesign.Tests.ErrorValidationsTest@28ec166e]" started-at="2024-07-12T18:58:12 EDT" name="errorValidation" finished-at="2024-07-12T18:58:12 EDT" duration-ms="456" status="PASS">
          <reporter-output>
          </reporter-output>
        </test-method> <!-- errorValidation -->
        <test-method is-config="true" signature="closeWindow()[pri:0, instance:samLearning.SeleniumFrameworkDesign.Tests.ErrorValidationsTest@28ec166e]" started-at="2024-07-12T18:58:13 EDT" name="closeWindow" finished-at="2024-07-12T18:58:13 EDT" duration-ms="70" status="PASS">
          <reporter-output>
          </reporter-output>
        </test-method> <!-- closeWindow -->
        <test-method is-config="true" signature="launchApplication()[pri:0, instance:samLearning.SeleniumFrameworkDesign.Tests.ErrorValidationsTest@28ec166e]" started-at="2024-07-12T18:58:13 EDT" name="launchApplication" finished-at="2024-07-12T18:58:17 EDT" duration-ms="4067" status="PASS">
          <reporter-output>
          </reporter-output>
        </test-method> <!-- launchApplication -->
        <test-method signature="productErrorValidation()[pri:0, instance:samLearning.SeleniumFrameworkDesign.Tests.ErrorValidationsTest@28ec166e]" started-at="2024-07-12T18:58:17 EDT" name="productErrorValidation" finished-at="2024-07-12T18:58:20 EDT" duration-ms="3184" status="PASS">
          <reporter-output>
          </reporter-output>
        </test-method> <!-- productErrorValidation -->
        <test-method is-config="true" signature="closeWindow()[pri:0, instance:samLearning.SeleniumFrameworkDesign.Tests.ErrorValidationsTest@28ec166e]" started-at="2024-07-12T18:58:20 EDT" name="closeWindow" finished-at="2024-07-12T18:58:20 EDT" duration-ms="77" status="PASS">
          <reporter-output>
          </reporter-output>
        </test-method> <!-- closeWindow -->
      </class> <!-- samLearning.SeleniumFrameworkDesign.Tests.ErrorValidationsTest -->
    </test> <!-- Error Validations Test -->
    <test started-at="2024-07-12T18:58:08 EDT" name="Submit Order Test" finished-at="2024-07-12T18:58:30 EDT" duration-ms="21964">
      <class name="samLearning.SeleniumFrameworkDesign.Tests.SubmitOrderTest">
        <test-method is-config="true" signature="launchApplication()[pri:0, instance:samLearning.SeleniumFrameworkDesign.Tests.SubmitOrderTest@5443d039]" started-at="2024-07-12T18:58:08 EDT" name="launchApplication" finished-at="2024-07-12T18:58:12 EDT" duration-ms="4268" status="PASS">
          <reporter-output>
          </reporter-output>
        </test-method> <!-- launchApplication -->
        <test-method signature="submitOrder(java.util.HashMap)[pri:0, instance:samLearning.SeleniumFrameworkDesign.Tests.SubmitOrderTest@5443d039]" started-at="2024-07-12T18:58:12 EDT" name="submitOrder" data-provider="getData" finished-at="2024-07-12T18:58:16 EDT" duration-ms="4088" status="PASS">
          <params>
            <param index="0">
              <value>
                <![CDATA[{password=Binkong1, email=binkong@gmail.com, productName=ZARA COAT 3}]]>
              </value>
            </param>
          </params>
          <reporter-output>
          </reporter-output>
        </test-method> <!-- submitOrder -->
        <test-method is-config="true" signature="closeWindow()[pri:0, instance:samLearning.SeleniumFrameworkDesign.Tests.SubmitOrderTest@5443d039]" started-at="2024-07-12T18:58:16 EDT" name="closeWindow" finished-at="2024-07-12T18:58:16 EDT" duration-ms="81" status="PASS">
          <reporter-output>
          </reporter-output>
        </test-method> <!-- closeWindow -->
        <test-method is-config="true" signature="launchApplication()[pri:0, instance:samLearning.SeleniumFrameworkDesign.Tests.SubmitOrderTest@5443d039]" started-at="2024-07-12T18:58:16 EDT" name="launchApplication" finished-at="2024-07-12T18:58:20 EDT" duration-ms="4082" status="PASS">
          <reporter-output>
          </reporter-output>
        </test-method> <!-- launchApplication -->
        <test-method signature="submitOrder(java.util.HashMap)[pri:0, instance:samLearning.SeleniumFrameworkDesign.Tests.SubmitOrderTest@5443d039]" started-at="2024-07-12T18:58:20 EDT" name="submitOrder" data-provider="getData" finished-at="2024-07-12T18:58:24 EDT" duration-ms="4064" status="PASS">
          <params>
            <param index="0">
              <value>
                <![CDATA[{password=Kongbin1, email=kongbin@gmail.com, productName=ADIDAS ORIGINAL}]]>
              </value>
            </param>
          </params>
          <reporter-output>
          </reporter-output>
        </test-method> <!-- submitOrder -->
        <test-method is-config="true" signature="closeWindow()[pri:0, instance:samLearning.SeleniumFrameworkDesign.Tests.SubmitOrderTest@5443d039]" started-at="2024-07-12T18:58:24 EDT" name="closeWindow" finished-at="2024-07-12T18:58:25 EDT" duration-ms="92" status="PASS">
          <reporter-output>
          </reporter-output>
        </test-method> <!-- closeWindow -->
        <test-method is-config="true" signature="launchApplication()[pri:0, instance:samLearning.SeleniumFrameworkDesign.Tests.SubmitOrderTest@5443d039]" started-at="2024-07-12T18:58:25 EDT" name="launchApplication" finished-at="2024-07-12T18:58:29 EDT" duration-ms="4055" status="PASS">
          <reporter-output>
          </reporter-output>
        </test-method> <!-- launchApplication -->
        <test-method signature="orderHistoryTest()[pri:0, instance:samLearning.SeleniumFrameworkDesign.Tests.SubmitOrderTest@5443d039]" started-at="2024-07-12T18:58:29 EDT" name="orderHistoryTest" finished-at="2024-07-12T18:58:29 EDT" depends-on-methods="samLearning.SeleniumFrameworkDesign.Tests.SubmitOrderTest.submitOrder" duration-ms="819" status="PASS">
          <reporter-output>
          </reporter-output>
        </test-method> <!-- orderHistoryTest -->
        <test-method is-config="true" signature="closeWindow()[pri:0, instance:samLearning.SeleniumFrameworkDesign.Tests.SubmitOrderTest@5443d039]" started-at="2024-07-12T18:58:29 EDT" name="closeWindow" finished-at="2024-07-12T18:58:30 EDT" duration-ms="78" status="PASS">
          <reporter-output>
          </reporter-output>
        </test-method> <!-- closeWindow -->
      </class> <!-- samLearning.SeleniumFrameworkDesign.Tests.SubmitOrderTest -->
    </test> <!-- Submit Order Test -->
  </suite> <!-- Suite -->
</testng-results>
